-----BEGIN RSA PRIVATE KEY-----
Proc-Type: 4,ENCRYPTED
DEK-Info: DES-EDE3-CBC,417859565FC6B0F1

n4SxKzBN9Y82nPyg8yFvk0M+WYaB0+Biu5ePigROrpgVwi/v1jdjL3YSlOPBqTPN
80O/eqw5ZXVBSgZQn/URyoGU4s7KQf6vZv+cQ5ciQHh6ox0qIqG9gDk7/tqmAE0q
529fL/8NhjgAZyEAufHw1ob2BnJFRZZ8ods4Yj/2z7fwwKMPtzTaFwWVVGUehAf8
ebKQlRXhvn1JNUnG/U5oSYpka1BBmWJ25PDHFr6c7EpihxxA5Db94JqVJguPU14L
RhtGnnI9V7WQf659yaz3kt+Z8u4CzVjKpZgwg/pNESoZKcLD6DZopiZPLTn0tslz
nGF3IaJRuZ2rBn5xDnqq1H0EE1j8dToYTSfEQqkNcIbhO9NX5De/50vbqCvFIoj0
SF6lP0n2MPttu95v4kqZbH42sW8JZ4vy3GxWrZ035cBxOrsV0ZfwfvZDQkmyB+Za
ZAyZeB9TBEmIpx5sMtuvfu1XQ8BSZ05+YkL4alt08vxnnijkkZHiVgSGTflYmQJL
IuUaQScE7wI+blIBhgc4J3aA8hf5lOqPHkG9Q7pyRL5gxiqddsQmxsknDQR+8qeK
RD3dunAWkSIB4gFgFxrIG5DmMs6dD7eVDtExewDRKHRZ86IgZV00wO/cbHZTx8U5
YqTeIyIFYIHY1M3aT3jFmZ25tLq+HDxxmoWn0z9Ro/AvxtFsn0nde5z96sSwW0H2
U4AyieeZPDJsYQ9po0Flv226+/q+VsjEpTuylwl4WVqc3ODcIOgAgqrTckaMaANs
70dr1WImYIJbIXDidAyGAoRsUzbWwRE4rCos9OaGNL4UXKbHh53f5a2azZRWGAxE
BhN8jGcxh+cem1e6ou/yaA9gD7UGDbstuqrt7NY0jMnMPLw+xABth8hIL4L78ZBg
UA0nXYQRs7XCZBbphXk/5zzTeyp/FPwRE3JM+m4m2rf9tB2GhjOcRv4JYlajDwfD
OEZ1xSG+27kmHxBw64BPl9+R7VENZCNwr9rzUFszsbehrWioSVkpAD+nH7UQruoA
etFLCC9PtR5JjfuM+v19E/a54MYbVOyIdlq9S1K02XGftPFm6y3e+gSYYhJ7qQeG
rGHrZR3wrRdmiTtc51ykhKHKr+2vFI+6BGE8bewbmW3zmQqy/Fe6RsWFX8XzYFXA
n4AGpSgvh0eP9OYCCj9tsX2PqF0Qu9MW8DrbMQQkNtuQiNTQszv7lY0Pz70uH5ar
1+pR6IVjTjAstpiKKxI9c/Ca0uEWb9pRNRZslQwYQQQ0P9v7rKEgCV+atIfvBY8o
bXN6Y/iasQWkVPC7HHOdddlJMzeFcKO4S4+G+DlWiygt23JQ0sayYJtsRY/JFdsJ
dUyPIgNXF5QN1Tv31yqpNOqrs8wGuNgv9vb9HI0kXY12K28iDAHGaPG+75FPltY8
51WMtL+PIgzBU9+uvFEhwmqE2MfIJv72KBztKy+ao+qpG2RCNlk7q3drVdxAS0zU
outIN51aJC5wUOSQ1mcopq7wF4nvlkDe8Pocvr7R1HAxzzJ1oFDOHkz4/6G63QxR
xuEdO767ExpPxFMUuLS+amXVJByZxkOcquo3euEkHdXCbGQmxqr9aeBeSXjAZieJ

-----END RSA PRIVATE KEY-----
